app/build/outputs/logs/manifest-merger-debug-report.txt
-- Merging decision tree log ---
manifest
ADDED from src\main\AndroidManifest.xml:2:1-141:12
	package
		ADDED from src\main\AndroidManifest.xml:3:5-33
		INJECTED from src\main\AndroidManifest.xml
		INJECTED from src\main\AndroidManifest.xml
	android:versionName
		INJECTED from src\main\AndroidManifest.xml
		INJECTED from src\main\AndroidManifest.xml
	xmlns:android
		ADDED from src\main\AndroidManifest.xml:2:11-69
	android:versionCode
		INJECTED from src\main\AndroidManifest.xml
		INJECTED from src\main\AndroidManifest.xml
uses-permission#android.permission.INTERNET
ADDED from src\main\AndroidManifest.xml:7:5-67
	android:name
		ADDED from src\main\AndroidManifest.xml:7:22-64
uses-permission#android.permission.RECORD_AUDIO
ADDED from src\main\AndroidManifest.xml:9:5-71
	android:name
		ADDED from src\main\AndroidManifest.xml:9:22-68
uses-permission#android.permission.ACCESS_NETWORK_STATE
ADDED from src\main\AndroidManifest.xml:11:5-79
	android:name
		ADDED from src\main\AndroidManifest.xml:11:22-76
uses-permission#android.permission.ACCESS_WIFI_STATE
ADDED from src\main\AndroidManifest.xml:13:5-76
	android:name
		ADDED from src\main\AndroidManifest.xml:13:22-73
uses-permission#android.permission.CHANGE_NETWORK_STATE
ADDED from src\main\AndroidManifest.xml:15:5-79
	android:name
		ADDED from src\main\AndroidManifest.xml:15:22-76
uses-permission#android.permission.READ_PHONE_STATE
ADDED from src\main\AndroidManifest.xml:17:5-75
	android:name
		ADDED from src\main\AndroidManifest.xml:17:22-72
uses-permission#android.permission.READ_CONTACTS
ADDED from src\main\AndroidManifest.xml:19:5-72
	android:name
		ADDED from src\main\AndroidManifest.xml:19:22-69
uses-permission#android.permission.CAMERA
ADDED from src\main\AndroidManifest.xml:20:5-65
	android:name
		ADDED from src\main\AndroidManifest.xml:20:22-62
uses-feature#android.hardware.camera
ADDED from src\main\AndroidManifest.xml:22:5-60
	android:name
		ADDED from src\main\AndroidManifest.xml:22:19-57
uses-feature#android.hardware.camera.autofocus
ADDED from src\main\AndroidManifest.xml:23:5-70
	android:name
		ADDED from src\main\AndroidManifest.xml:23:19-67
uses-permission#android.permission.WRITE_EXTERNAL_STORAGE
ADDED from src\main\AndroidManifest.xml:25:5-81
	android:name
		ADDED from src\main\AndroidManifest.xml:25:22-78
uses-permission#android.permission.GET_ACCOUNTS
ADDED from src\main\AndroidManifest.xml:29:5-71
	android:name
		ADDED from src\main\AndroidManifest.xml:29:22-68
uses-permission#android.permission.READ_PROFILE
ADDED from src\main\AndroidManifest.xml:30:5-71
	android:name
		ADDED from src\main\AndroidManifest.xml:30:22-68
application
ADDED from src\main\AndroidManifest.xml:33:5-139:19
MERGED from [com.android.support:design:25.2.0] AndroidManifest.xml:25:5-20
MERGED from [com.android.support:support-v4:25.3.1] AndroidManifest.xml:29:5-20
MERGED from [com.android.support:support-compat:25.3.1] AndroidManifest.xml:29:5-20
MERGED from [com.android.support:support-media-compat:25.3.1] AndroidManifest.xml:29:5-20
MERGED from [com.android.support:support-core-utils:25.3.1] AndroidManifest.xml:29:5-20
MERGED from [com.android.support:support-core-ui:25.3.1] AndroidManifest.xml:29:5-20
MERGED from [com.android.support:support-fragment:25.3.1] AndroidManifest.xml:29:5-20
MERGED from [com.android.support:appcompat-v7:25.3.1] AndroidManifest.xml:29:5-20
MERGED from [com.android.support:support-vector-drawable:25.3.1] AndroidManifest.xml:26:5-20
MERGED from [com.android.support:animated-vector-drawable:25.3.1] AndroidManifest.xml:26:5-20
MERGED from [com.android.support:transition:25.2.0] AndroidManifest.xml:22:5-20
	android:label
		ADDED from src\main\AndroidManifest.xml:37:9-41
	android:allowBackup
		ADDED from src\main\AndroidManifest.xml:35:9-35
	android:icon
		ADDED from src\main\AndroidManifest.xml:36:9-38
	android:theme
		ADDED from src\main\AndroidManifest.xml:38:9-40
	android:name
		ADDED from src\main\AndroidManifest.xml:34:9-56
activity#com.myapp.activity.LoginActivity
ADDED from src\main\AndroidManifest.xml:39:9-48:20
	android:label
		ADDED from src\main\AndroidManifest.xml:41:13-45
	android:launchMode
		ADDED from src\main\AndroidManifest.xml:42:13-44
	android:name
		ADDED from src\main\AndroidManifest.xml:40:13-60
intent-filter#android.intent.action.MAIN+android.intent.category.LAUNCHER
ADDED from src\main\AndroidManifest.xml:43:13-47:29
action#android.intent.action.MAIN
ADDED from src\main\AndroidManifest.xml:44:17-69
	android:name
		ADDED from src\main\AndroidManifest.xml:44:25-66
category#android.intent.category.LAUNCHER
ADDED from src\main\AndroidManifest.xml:46:17-77
	android:name
		ADDED from src\main\AndroidManifest.xml:46:27-74
activity#com.myapp.activity.BrMainActivity
ADDED from src\main\AndroidManifest.xml:49:9-53:20
	android:label
		ADDED from src\main\AndroidManifest.xml:51:13-56
	android:launchMode
		ADDED from src\main\AndroidManifest.xml:52:13-44
	android:name
		ADDED from src\main\AndroidManifest.xml:50:13-61
activity#com.myapp.activity.YsMainActivity
ADDED from src\main\AndroidManifest.xml:54:9-58:20
	android:label
		ADDED from src\main\AndroidManifest.xml:56:13-56
	android:launchMode
		ADDED from src\main\AndroidManifest.xml:57:13-44
	android:name
		ADDED from src\main\AndroidManifest.xml:55:13-61
activity#com.myapp.activity.YishengListActivity
ADDED from src\main\AndroidManifest.xml:59:9-62:20
	android:label
		ADDED from src\main\AndroidManifest.xml:61:13-56
	android:name
		ADDED from src\main\AndroidManifest.xml:60:13-66
activity#com.myapp.activity.RegActivity
ADDED from src\main\AndroidManifest.xml:63:9-66:20
	android:label
		ADDED from src\main\AndroidManifest.xml:65:13-55
	android:name
		ADDED from src\main\AndroidManifest.xml:64:13-58
activity#com.myapp.activity.YishengDetailActivity
ADDED from src\main\AndroidManifest.xml:67:9-70:20
	android:label
		ADDED from src\main\AndroidManifest.xml:69:13-63
	android:name
		ADDED from src\main\AndroidManifest.xml:68:13-68
activity#com.myapp.activity.BoardListActivity
ADDED from src\main\AndroidManifest.xml:71:9-74:20
	android:label
		ADDED from src\main\AndroidManifest.xml:73:13-50
	android:name
		ADDED from src\main\AndroidManifest.xml:72:13-64
activity#com.myapp.activity.BoardAddActivity
ADDED from src\main\AndroidManifest.xml:75:9-78:20
	android:label
		ADDED from src\main\AndroidManifest.xml:77:13-50
	android:name
		ADDED from src\main\AndroidManifest.xml:76:13-63
activity#com.myapp.activity.UserInfoActivity
ADDED from src\main\AndroidManifest.xml:79:9-83:20
	android:label
		ADDED from src\main\AndroidManifest.xml:81:13-45
	android:launchMode
		ADDED from src\main\AndroidManifest.xml:82:13-44
	android:name
		ADDED from src\main\AndroidManifest.xml:80:13-63
activity#com.myapp.activity.BrYuyueListActivity
ADDED from src\main\AndroidManifest.xml:84:9-88:20
	android:label
		ADDED from src\main\AndroidManifest.xml:86:13-45
	android:launchMode
		ADDED from src\main\AndroidManifest.xml:87:13-44
	android:name
		ADDED from src\main\AndroidManifest.xml:85:13-66
activity#com.myapp.activity.YsYuyueListActivity
ADDED from src\main\AndroidManifest.xml:89:9-93:20
	android:label
		ADDED from src\main\AndroidManifest.xml:91:13-45
	android:launchMode
		ADDED from src\main\AndroidManifest.xml:92:13-44
	android:name
		ADDED from src\main\AndroidManifest.xml:90:13-66
activity#com.myapp.activity.BrYuyueDetailActivity
ADDED from src\main\AndroidManifest.xml:94:9-98:20
	android:label
		ADDED from src\main\AndroidManifest.xml:96:13-45
	android:launchMode
		ADDED from src\main\AndroidManifest.xml:97:13-44
	android:name
		ADDED from src\main\AndroidManifest.xml:95:13-68
activity#com.myapp.activity.YsZhengduanAddActivity
ADDED from src\main\AndroidManifest.xml:99:9-103:20
	android:label
		ADDED from src\main\AndroidManifest.xml:101:13-45
	android:launchMode
		ADDED from src\main\AndroidManifest.xml:102:13-44
	android:name
		ADDED from src\main\AndroidManifest.xml:100:13-69
activity#com.myapp.activity.YsYuyueDetailActivity
ADDED from src\main\AndroidManifest.xml:104:9-108:20
	android:label
		ADDED from src\main\AndroidManifest.xml:106:13-45
	android:launchMode
		ADDED from src\main\AndroidManifest.xml:107:13-44
	android:name
		ADDED from src\main\AndroidManifest.xml:105:13-68
activity#com.myapp.activity.YaopingListActivity
ADDED from src\main\AndroidManifest.xml:109:9-113:20
	android:label
		ADDED from src\main\AndroidManifest.xml:111:13-45
	android:launchMode
		ADDED from src\main\AndroidManifest.xml:112:13-44
	android:name
		ADDED from src\main\AndroidManifest.xml:110:13-66
activity#com.myapp.activity.XuanzeYaopingListActivity
ADDED from src\main\AndroidManifest.xml:114:9-118:20
	android:label
		ADDED from src\main\AndroidManifest.xml:116:13-45
	android:launchMode
		ADDED from src\main\AndroidManifest.xml:117:13-44
	android:name
		ADDED from src\main\AndroidManifest.xml:115:13-72
activity#com.myapp.activity.XuanzeYaopingDetailActivity
ADDED from src\main\AndroidManifest.xml:119:9-123:20
	android:label
		ADDED from src\main\AndroidManifest.xml:121:13-45
	android:launchMode
		ADDED from src\main\AndroidManifest.xml:122:13-44
	android:name
		ADDED from src\main\AndroidManifest.xml:120:13-74
activity#com.myapp.activity.YsYuyuelishiListActivity
ADDED from src\main\AndroidManifest.xml:124:9-128:20
	android:label
		ADDED from src\main\AndroidManifest.xml:126:13-45
	android:launchMode
		ADDED from src\main\AndroidManifest.xml:127:13-44
	android:name
		ADDED from src\main\AndroidManifest.xml:125:13-71
activity#com.myapp.activity.YsYuyuelishiDetailActivity
ADDED from src\main\AndroidManifest.xml:129:9-133:20
	android:label
		ADDED from src\main\AndroidManifest.xml:131:13-45
	android:launchMode
		ADDED from src\main\AndroidManifest.xml:132:13-44
	android:name
		ADDED from src\main\AndroidManifest.xml:130:13-73
activity#com.myapp.activity.YsUserInfoActivity
ADDED from src\main\AndroidManifest.xml:134:9-138:20
	android:label
		ADDED from src\main\AndroidManifest.xml:136:13-45
	android:launchMode
		ADDED from src\main\AndroidManifest.xml:137:13-44
	android:name
		ADDED from src\main\AndroidManifest.xml:135:13-65
uses-sdk
INJECTED from src\main\AndroidManifest.xml reason: use-sdk injection requested
MERGED from [com.android.support:design:25.2.0] AndroidManifest.xml:21:5-23:62
MERGED from [com.android.support:support-v4:25.3.1] AndroidManifest.xml:21:5-23:54
MERGED from [com.android.support:support-compat:25.3.1] AndroidManifest.xml:21:5-23:58
MERGED from [com.android.support:support-media-compat:25.3.1] AndroidManifest.xml:21:5-23:63
MERGED from [com.android.support:support-core-utils:25.3.1] AndroidManifest.xml:21:5-23:61
MERGED from [com.android.support:support-core-ui:25.3.1] AndroidManifest.xml:21:5-23:58
MERGED from [com.android.support:support-fragment:25.3.1] AndroidManifest.xml:21:5-23:60
MERGED from [com.android.support:appcompat-v7:25.3.1] AndroidManifest.xml:21:5-23:78
MERGED from [com.android.support:support-vector-drawable:25.3.1] AndroidManifest.xml:20:5-43
MERGED from [com.android.support:animated-vector-drawable:25.3.1] AndroidManifest.xml:20:5-44
MERGED from [com.android.support:recyclerview-v7:25.2.0] AndroidManifest.xml:20:5-43
MERGED from [com.android.support:transition:25.2.0] AndroidManifest.xml:20:5-44
	tools:overrideLibrary
		ADDED from [com.android.support:design:25.2.0] AndroidManifest.xml:23:9-59
	android:targetSdkVersion
		INJECTED from src\main\AndroidManifest.xml
		INJECTED from src\main\AndroidManifest.xml
	android:minSdkVersion
		INJECTED from src\main\AndroidManifest.xml
		INJECTED from src\main\AndroidManifest.xml
meta-data#android.support.VERSION
ADDED from [com.android.support:support-v4:25.3.1] AndroidManifest.xml:25:5-27:34
MERGED from [com.android.support:support-compat:25.3.1] AndroidManifest.xml:25:5-27:34
MERGED from [com.android.support:support-media-compat:25.3.1] AndroidManifest.xml:25:5-27:34
MERGED from [com.android.support:support-core-utils:25.3.1] AndroidManifest.xml:25:5-27:34
MERGED from [com.android.support:support-core-ui:25.3.1] AndroidManifest.xml:25:5-27:34
MERGED from [com.android.support:support-fragment:25.3.1] AndroidManifest.xml:25:5-27:34
MERGED from [com.android.support:appcompat-v7:25.3.1] AndroidManifest.xml:25:5-27:34
MERGED from [com.android.support:support-vector-drawable:25.3.1] AndroidManifest.xml:22:5-24:34
MERGED from [com.android.support:animated-vector-drawable:25.3.1] AndroidManifest.xml:22:5-24:34
	android:value
		ADDED from [com.android.support:support-v4:25.3.1] AndroidManifest.xml:27:9-31
	android:name
		ADDED from [com.android.support:support-v4:25.3.1] AndroidManifest.xml:26:9-47